<?xml version="1.0" encoding="UTF-8"?>
<testng-results ignored="0" total="1" passed="1" failed="0" skipped="0">
  <reporter-output>
  </reporter-output>
  <suite started-at="2022-09-28T19:13:28 WAT" name="Default suite" finished-at="2022-09-28T19:14:57 WAT" duration-ms="89117">
    <groups>
    </groups>
    <test started-at="2022-09-28T19:13:28 WAT" name="Default test" finished-at="2022-09-28T19:14:57 WAT" duration-ms="89117">
      <class name="com.Eprocurement.testcases.VerifyHomepageTitleTest">
        <test-method is-config="true" signature="setUp()[pri:0, instance:com.Eprocurement.testcases.VerifyHomepageTitleTest@7880cdf3]" started-at="2022-09-28T19:13:28 WAT" name="setUp" finished-at="2022-09-28T19:14:57 WAT" duration-ms="88446" status="PASS">
          <reporter-output>
          </reporter-output>
        </test-method> <!-- setUp -->
        <test-method signature="verifyHomepageTitle()[pri:1, instance:com.Eprocurement.testcases.VerifyHomepageTitleTest@7880cdf3]" started-at="2022-09-28T19:14:57 WAT" name="verifyHomepageTitle" finished-at="2022-09-28T19:14:57 WAT" duration-ms="305" status="PASS">
          <reporter-output>
          </reporter-output>
        </test-method> <!-- verifyHomepageTitle -->
        <test-method is-config="true" signature="tearDown()[pri:0, instance:com.Eprocurement.testcases.VerifyHomepageTitleTest@7880cdf3]" started-at="2022-09-28T19:14:57 WAT" name="tearDown" finished-at="2022-09-28T19:14:57 WAT" duration-ms="214" status="PASS">
          <reporter-output>
          </reporter-output>
        </test-method> <!-- tearDown -->
      </class> <!-- com.Eprocurement.testcases.VerifyHomepageTitleTest -->
    </test> <!-- Default test -->
  </suite> <!-- Default suite -->
</testng-results>
